<?xml version="1.0" encoding="UTF-8"?>
<!-- Generated by org.testng.reporters.JUnitReportReporter -->
<testsuite hostname="RPC154" name="com.objectfrontier.training.java.service.test.AddressServletTest" tests="1" failures="0" timestamp="23 Nov 2018 13:59:42 GMT" time="1.303" errors="0">
  <testcase name="testUpdate_positive" time="1.303" classname="com.objectfrontier.training.java.service.test.AddressServletTest"/>
</testsuite> <!-- com.objectfrontier.training.java.service.test.AddressServletTest -->
