<?xml version="1.0" encoding="UTF-8"?>
<!-- Generated by org.testng.reporters.JUnitReportReporter -->
<testsuite hostname="RPC154" name="com.objectfrontier.training.java.service.test.PersonServletTest" tests="1" failures="0" timestamp="24 Nov 2018 07:27:15 GMT" time="0.931" errors="0">
  <testcase name="testRead_positive" time="0.931" classname="com.objectfrontier.training.java.service.test.PersonServletTest"/>
</testsuite> <!-- com.objectfrontier.training.java.service.test.PersonServletTest -->
