<?xml version="1.0" encoding="UTF-8"?>
<!-- Generated by org.testng.reporters.JUnitReportReporter -->
<testsuite hostname="RPC154" name="com.objectfrontier.training.java.service.test.PersonServiceTest" tests="1" failures="0" timestamp="23 Nov 2018 05:11:43 GMT" time="0.041" errors="0">
  <testcase name="testRead_positive" time="0.041" classname="com.objectfrontier.training.java.service.test.PersonServiceTest"/>
</testsuite> <!-- com.objectfrontier.training.java.service.test.PersonServiceTest -->
